{"/Users/ba5ik7/Documents/GIT/tmdjr/ngx-editorjs2/projects/ngx-editor-js2/src/lib/ngx-editor-js2.interface.ts": {"path":"/Users/ba5ik7/Documents/GIT/tmdjr/ngx-editorjs2/projects/ngx-editor-js2/src/lib/ngx-editor-js2.interface.ts","statementMap":{"0":{"start":{"line":40,"column":0},"end":{"line":40,"column":null}},"1":{"start":{"line":41,"column":2},"end":{"line":41,"column":null}},"2":{"start":{"line":42,"column":2},"end":{"line":42,"column":null}},"3":{"start":{"line":43,"column":2},"end":{"line":43,"column":null}}},"fnMap":{"0":{"name":"(anonymous_0)","decl":{"start":{"line":40,"column":0},"end":{"line":40,"column":12}},"loc":{"start":{"line":40,"column":31},"end":{"line":44,"column":1}}}},"branchMap":{"0":{"loc":{"start":{"line":40,"column":12},"end":{"line":40,"column":null}},"type":"binary-expr","locations":[{"start":{"line":40,"column":12},"end":{"line":40,"column":31}},{"start":{"line":40,"column":31},"end":{"line":40,"column":null}}]}},"s":{"0":2,"1":2,"2":2,"3":2},"f":{"0":2},"b":{"0":[2,2]}}
,"/Users/ba5ik7/Documents/GIT/tmdjr/ngx-editorjs2/projects/ngx-editor-js2/src/lib/components/blocks/header-block.component.ts": {"path":"/Users/ba5ik7/Documents/GIT/tmdjr/ngx-editorjs2/projects/ngx-editor-js2/src/lib/components/blocks/header-block.component.ts","statementMap":{"0":{"start":{"line":1,"column":0},"end":{"line":1,"column":57}},"1":{"start":{"line":2,"column":0},"end":{"line":2,"column":87}},"2":{"start":{"line":3,"column":0},"end":{"line":3,"column":64}},"3":{"start":{"line":4,"column":0},"end":{"line":4,"column":74}},"4":{"start":{"line":5,"column":0},"end":{"line":5,"column":77}},"5":{"start":{"line":6,"column":0},"end":{"line":6,"column":86}},"6":{"start":{"line":11,"column":0},"end":{"line":11,"column":75}},"7":{"start":{"line":12,"column":0},"end":{"line":12,"column":49}},"8":{"start":{"line":99,"column":14},"end":{"line":99,"column":30}},"9":{"start":{"line":100,"column":14},"end":{"line":100,"column":34}},"10":{"start":{"line":101,"column":14},"end":{"line":101,"column":41}},"11":{"start":{"line":102,"column":20},"end":{"line":102,"column":44}},"12":{"start":{"line":103,"column":23},"end":{"line":110,"column":4}},"13":{"start":{"line":112,"column":22},"end":{"line":112,"column":42}},"14":{"start":{"line":113,"column":23},"end":{"line":113,"column":53}},"15":{"start":{"line":116,"column":4},"end":{"line":116,"column":47}},"16":{"start":{"line":98,"column":13},"end":{"line":98,"column":33}},"17":{"start":{"line":98,"column":13},"end":{"line":118,"column":null}}},"fnMap":{"0":{"name":"(anonymous_0)","decl":{"start":{"line":115,"column":2},"end":{"line":115,"column":16}},"loc":{"start":{"line":115,"column":39},"end":{"line":117,"column":3}}}},"branchMap":{},"s":{"0":2,"1":2,"2":2,"3":2,"4":2,"5":2,"6":2,"7":2,"8":0,"9":0,"10":0,"11":0,"12":0,"13":0,"14":0,"15":0,"16":2,"17":2},"f":{"0":0},"b":{}}
,"/Users/ba5ik7/Documents/GIT/tmdjr/ngx-editorjs2/projects/ngx-editor-js2/src/lib/components/blocks/paragraph-block.component.ts": {"path":"/Users/ba5ik7/Documents/GIT/tmdjr/ngx-editorjs2/projects/ngx-editor-js2/src/lib/components/blocks/paragraph-block.component.ts","statementMap":{"0":{"start":{"line":1,"column":0},"end":{"line":1,"column":57}},"1":{"start":{"line":2,"column":0},"end":{"line":2,"column":87}},"2":{"start":{"line":3,"column":0},"end":{"line":3,"column":64}},"3":{"start":{"line":4,"column":0},"end":{"line":4,"column":74}},"4":{"start":{"line":5,"column":0},"end":{"line":5,"column":77}},"5":{"start":{"line":10,"column":0},"end":{"line":10,"column":42}},"6":{"start":{"line":11,"column":0},"end":{"line":11,"column":49}},"7":{"start":{"line":66,"column":14},"end":{"line":66,"column":30}},"8":{"start":{"line":67,"column":14},"end":{"line":67,"column":34}},"9":{"start":{"line":68,"column":14},"end":{"line":68,"column":41}},"10":{"start":{"line":69,"column":20},"end":{"line":69,"column":44}},"11":{"start":{"line":70,"column":23},"end":{"line":77,"column":4}},"12":{"start":{"line":79,"column":14},"end":{"line":79,"column":38}},"13":{"start":{"line":80,"column":23},"end":{"line":80,"column":53}},"14":{"start":{"line":83,"column":4},"end":{"line":83,"column":40}},"15":{"start":{"line":83,"column":32},"end":{"line":83,"column":38}},"16":{"start":{"line":65,"column":13},"end":{"line":65,"column":36}},"17":{"start":{"line":65,"column":13},"end":{"line":85,"column":null}}},"fnMap":{"0":{"name":"(anonymous_0)","decl":{"start":{"line":82,"column":2},"end":{"line":82,"column":16}},"loc":{"start":{"line":82,"column":31},"end":{"line":84,"column":3}}},"1":{"name":"(anonymous_1)","decl":{"start":{"line":83,"column":26},"end":{"line":83,"column":29}},"loc":{"start":{"line":83,"column":32},"end":{"line":83,"column":38}}}},"branchMap":{},"s":{"0":2,"1":2,"2":2,"3":2,"4":2,"5":2,"6":2,"7":0,"8":0,"9":0,"10":0,"11":0,"12":0,"13":0,"14":0,"15":0,"16":2,"17":2},"f":{"0":0,"1":0},"b":{}}
,"/Users/ba5ik7/Documents/GIT/tmdjr/ngx-editorjs2/projects/ngx-editor-js2/src/lib/components/toolbar/toolbar-block-options.component.ts": {"path":"/Users/ba5ik7/Documents/GIT/tmdjr/ngx-editorjs2/projects/ngx-editor-js2/src/lib/components/toolbar/toolbar-block-options.component.ts","statementMap":{"0":{"start":{"line":1,"column":0},"end":{"line":1,"column":57}},"1":{"start":{"line":2,"column":0},"end":{"line":2,"column":49}},"2":{"start":{"line":3,"column":0},"end":{"line":3,"column":51}},"3":{"start":{"line":4,"column":0},"end":{"line":4,"column":null}},"4":{"start":{"line":74,"column":22},"end":{"line":74,"column":41}},"5":{"start":{"line":76,"column":23},"end":{"line":76,"column":51}},"6":{"start":{"line":78,"column":24},"end":{"line":78,"column":65}},"7":{"start":{"line":79,"column":29},"end":{"line":81,"column":4}},"8":{"start":{"line":84,"column":4},"end":{"line":84,"column":47}},"9":{"start":{"line":88,"column":4},"end":{"line":88,"column":42}},"10":{"start":{"line":73,"column":13},"end":{"line":73,"column":41}},"11":{"start":{"line":73,"column":13},"end":{"line":90,"column":null}}},"fnMap":{"0":{"name":"(anonymous_0)","decl":{"start":{"line":83,"column":2},"end":{"line":83,"column":14}},"loc":{"start":{"line":83,"column":42},"end":{"line":85,"column":3}}},"1":{"name":"(anonymous_1)","decl":{"start":{"line":87,"column":2},"end":{"line":87,"column":14}},"loc":{"start":{"line":87,"column":29},"end":{"line":89,"column":3}}}},"branchMap":{},"s":{"0":2,"1":2,"2":2,"3":2,"4":0,"5":0,"6":0,"7":0,"8":0,"9":0,"10":2,"11":2},"f":{"0":0,"1":0},"b":{}}
,"/Users/ba5ik7/Documents/GIT/tmdjr/ngx-editorjs2/projects/ngx-editor-js2/src/lib/components/toolbar/toolbar-blocks.component.ts": {"path":"/Users/ba5ik7/Documents/GIT/tmdjr/ngx-editorjs2/projects/ngx-editor-js2/src/lib/components/toolbar/toolbar-blocks.component.ts","statementMap":{"0":{"start":{"line":1,"column":0},"end":{"line":1,"column":44}},"1":{"start":{"line":2,"column":0},"end":{"line":2,"column":63}},"2":{"start":{"line":3,"column":0},"end":{"line":3,"column":58}},"3":{"start":{"line":4,"column":0},"end":{"line":4,"column":66}},"4":{"start":{"line":5,"column":0},"end":{"line":5,"column":51}},"5":{"start":{"line":6,"column":0},"end":{"line":6,"column":70}},"6":{"start":{"line":7,"column":0},"end":{"line":7,"column":51}},"7":{"start":{"line":8,"column":0},"end":{"line":8,"column":62}},"8":{"start":{"line":9,"column":0},"end":{"line":9,"column":53}},"9":{"start":{"line":83,"column":20},"end":{"line":83,"column":71}},"10":{"start":{"line":84,"column":20},"end":{"line":84,"column":47}},"11":{"start":{"line":85,"column":21},"end":{"line":85,"column":55}},"12":{"start":{"line":87,"column":14},"end":{"line":87,"column":33}},"13":{"start":{"line":88,"column":12},"end":{"line":88,"column":59}},"14":{"start":{"line":90,"column":20},"end":{"line":102,"column":null}},"15":{"start":{"line":92,"column":6},"end":{"line":92,"column":62}},"16":{"start":{"line":92,"column":44},"end":{"line":92,"column":62}},"17":{"start":{"line":93,"column":6},"end":{"line":93,"column":53}},"18":{"start":{"line":94,"column":22},"end":{"line":97,"column":17}},"19":{"start":{"line":96,"column":28},"end":{"line":96,"column":40}},"20":{"start":{"line":98,"column":20},"end":{"line":98,"column":50}},"21":{"start":{"line":101,"column":6},"end":{"line":101,"column":63}},"22":{"start":{"line":101,"column":38},"end":{"line":101,"column":61}},"23":{"start":{"line":106,"column":4},"end":{"line":106,"column":48}},"24":{"start":{"line":82,"column":13},"end":{"line":82,"column":35}},"25":{"start":{"line":82,"column":13},"end":{"line":108,"column":null}}},"fnMap":{"0":{"name":"(anonymous_0)","decl":{"start":{"line":91,"column":8},"end":{"line":91,"column":9}},"loc":{"start":{"line":91,"column":35},"end":{"line":102,"column":5}}},"1":{"name":"(anonymous_1)","decl":{"start":{"line":96,"column":13},"end":{"line":96,"column":14}},"loc":{"start":{"line":96,"column":28},"end":{"line":96,"column":40}}},"2":{"name":"(anonymous_2)","decl":{"start":{"line":101,"column":27},"end":{"line":101,"column":28}},"loc":{"start":{"line":101,"column":38},"end":{"line":101,"column":61}}},"3":{"name":"(anonymous_3)","decl":{"start":{"line":105,"column":2},"end":{"line":105,"column":10}},"loc":{"start":{"line":105,"column":32},"end":{"line":107,"column":3}}}},"branchMap":{"0":{"loc":{"start":{"line":92,"column":6},"end":{"line":92,"column":62}},"type":"if","locations":[{"start":{"line":92,"column":6},"end":{"line":92,"column":62}}]}},"s":{"0":2,"1":2,"2":2,"3":2,"4":2,"5":2,"6":2,"7":2,"8":2,"9":0,"10":0,"11":0,"12":0,"13":0,"14":0,"15":0,"16":0,"17":0,"18":0,"19":0,"20":0,"21":0,"22":0,"23":0,"24":2,"25":2},"f":{"0":0,"1":0,"2":0,"3":0},"b":{"0":[0]}}
,"/Users/ba5ik7/Documents/GIT/tmdjr/ngx-editorjs2/projects/ngx-editor-js2/src/lib/components/toolbar/toolbar.component.ts": {"path":"/Users/ba5ik7/Documents/GIT/tmdjr/ngx-editorjs2/projects/ngx-editor-js2/src/lib/components/toolbar/toolbar.component.ts","statementMap":{"0":{"start":{"line":1,"column":0},"end":{"line":1,"column":63}},"1":{"start":{"line":2,"column":0},"end":{"line":2,"column":51}},"2":{"start":{"line":3,"column":0},"end":{"line":3,"column":55}},"3":{"start":{"line":4,"column":0},"end":{"line":4,"column":53}},"4":{"start":{"line":5,"column":0},"end":{"line":5,"column":81}},"5":{"start":{"line":6,"column":0},"end":{"line":6,"column":68}},"6":{"start":{"line":7,"column":0},"end":{"line":7,"column":38}},"7":{"start":{"line":122,"column":34},"end":{"line":122,"column":58}},"8":{"start":{"line":123,"column":20},"end":{"line":123,"column":54}},"9":{"start":{"line":124,"column":23},"end":{"line":124,"column":51}},"10":{"start":{"line":125,"column":19},"end":{"line":125,"column":66}},"11":{"start":{"line":125,"column":57},"end":{"line":125,"column":65}},"12":{"start":{"line":126,"column":20},"end":{"line":126,"column":35}},"13":{"start":{"line":127,"column":21},"end":{"line":127,"column":56}},"14":{"start":{"line":128,"column":30},"end":{"line":128,"column":74}},"15":{"start":{"line":130,"column":15},"end":{"line":130,"column":37}},"16":{"start":{"line":131,"column":21},"end":{"line":131,"column":43}},"17":{"start":{"line":134,"column":4},"end":{"line":134,"column":44}},"18":{"start":{"line":134,"column":37},"end":{"line":134,"column":42}},"19":{"start":{"line":138,"column":4},"end":{"line":138,"column":50}},"20":{"start":{"line":138,"column":43},"end":{"line":138,"column":48}},"21":{"start":{"line":142,"column":4},"end":{"line":142,"column":22}},"22":{"start":{"line":143,"column":4},"end":{"line":146,"column":6}},"23":{"start":{"line":150,"column":4},"end":{"line":150,"column":22}},"24":{"start":{"line":151,"column":4},"end":{"line":151,"column":34}},"25":{"start":{"line":155,"column":4},"end":{"line":155,"column":22}},"26":{"start":{"line":156,"column":4},"end":{"line":158,"column":6}},"27":{"start":{"line":162,"column":4},"end":{"line":162,"column":31}},"28":{"start":{"line":163,"column":4},"end":{"line":163,"column":37}},"29":{"start":{"line":121,"column":13},"end":{"line":121,"column":29}},"30":{"start":{"line":121,"column":13},"end":{"line":165,"column":null}}},"fnMap":{"0":{"name":"(anonymous_0)","decl":{"start":{"line":125,"column":51},"end":{"line":125,"column":54}},"loc":{"start":{"line":125,"column":57},"end":{"line":125,"column":65}}},"1":{"name":"(anonymous_1)","decl":{"start":{"line":125,"column":57},"end":{"line":125,"column":60}},"loc":{"start":{"line":125,"column":62},"end":{"line":125,"column":65}}},"2":{"name":"(anonymous_2)","decl":{"start":{"line":133,"column":2},"end":{"line":133,"column":16}},"loc":{"start":{"line":133,"column":16},"end":{"line":135,"column":3}}},"3":{"name":"(anonymous_3)","decl":{"start":{"line":134,"column":27},"end":{"line":134,"column":28}},"loc":{"start":{"line":134,"column":37},"end":{"line":134,"column":42}}},"4":{"name":"(anonymous_4)","decl":{"start":{"line":137,"column":2},"end":{"line":137,"column":21}},"loc":{"start":{"line":137,"column":21},"end":{"line":139,"column":3}}},"5":{"name":"(anonymous_5)","decl":{"start":{"line":138,"column":33},"end":{"line":138,"column":34}},"loc":{"start":{"line":138,"column":43},"end":{"line":138,"column":48}}},"6":{"name":"(anonymous_6)","decl":{"start":{"line":141,"column":2},"end":{"line":141,"column":19}},"loc":{"start":{"line":141,"column":47},"end":{"line":147,"column":3}}},"7":{"name":"(anonymous_7)","decl":{"start":{"line":149,"column":2},"end":{"line":149,"column":14}},"loc":{"start":{"line":149,"column":29},"end":{"line":152,"column":3}}},"8":{"name":"(anonymous_8)","decl":{"start":{"line":154,"column":2},"end":{"line":154,"column":10}},"loc":{"start":{"line":154,"column":38},"end":{"line":159,"column":3}}},"9":{"name":"(anonymous_9)","decl":{"start":{"line":161,"column":2},"end":{"line":161,"column":12}},"loc":{"start":{"line":161,"column":12},"end":{"line":164,"column":3}}}},"branchMap":{},"s":{"0":2,"1":2,"2":2,"3":2,"4":2,"5":2,"6":2,"7":0,"8":0,"9":0,"10":0,"11":0,"12":0,"13":0,"14":0,"15":0,"16":0,"17":0,"18":0,"19":0,"20":0,"21":0,"22":0,"23":0,"24":0,"25":0,"26":0,"27":0,"28":0,"29":2,"30":2},"f":{"0":0,"1":0,"2":0,"3":0,"4":0,"5":0,"6":0,"7":0,"8":0,"9":0},"b":{}}
,"/Users/ba5ik7/Documents/GIT/tmdjr/ngx-editorjs2/projects/ngx-editor-js2/src/lib/directives/autofocus.directive.ts": {"path":"/Users/ba5ik7/Documents/GIT/tmdjr/ngx-editorjs2/projects/ngx-editor-js2/src/lib/directives/autofocus.directive.ts","statementMap":{"0":{"start":{"line":1,"column":0},"end":{"line":1,"column":null}},"1":{"start":{"line":13,"column":15},"end":{"line":13,"column":33}},"2":{"start":{"line":15,"column":14},"end":{"line":15,"column":35}},"3":{"start":{"line":18,"column":4},"end":{"line":18,"column":64}},"4":{"start":{"line":12,"column":13},"end":{"line":12,"column":31}},"5":{"start":{"line":12,"column":13},"end":{"line":20,"column":null}}},"fnMap":{"0":{"name":"(anonymous_0)","decl":{"start":{"line":17,"column":2},"end":{"line":17,"column":20}},"loc":{"start":{"line":17,"column":20},"end":{"line":19,"column":3}}}},"branchMap":{"0":{"loc":{"start":{"line":18,"column":4},"end":{"line":18,"column":63}},"type":"binary-expr","locations":[{"start":{"line":18,"column":4},"end":{"line":18,"column":20}},{"start":{"line":18,"column":24},"end":{"line":18,"column":63}}]}},"s":{"0":2,"1":0,"2":0,"3":0,"4":2,"5":2},"f":{"0":0},"b":{"0":[0,0]}}
,"/Users/ba5ik7/Documents/GIT/tmdjr/ngx-editorjs2/projects/ngx-editor-js2/src/lib/directives/clean-paste-data.directive.ts": {"path":"/Users/ba5ik7/Documents/GIT/tmdjr/ngx-editorjs2/projects/ngx-editor-js2/src/lib/directives/clean-paste-data.directive.ts","statementMap":{"0":{"start":{"line":1,"column":0},"end":{"line":1,"column":null}},"1":{"start":{"line":12,"column":4},"end":{"line":12,"column":27}},"2":{"start":{"line":13,"column":18},"end":{"line":13,"column":79}},"3":{"start":{"line":14,"column":4},"end":{"line":14,"column":52}},"4":{"start":{"line":9,"column":13},"end":{"line":9,"column":36}},"5":{"start":{"line":9,"column":13},"end":{"line":16,"column":null}}},"fnMap":{"0":{"name":"(anonymous_0)","decl":{"start":{"line":11,"column":2},"end":{"line":11,"column":9}},"loc":{"start":{"line":11,"column":22},"end":{"line":15,"column":3}}}},"branchMap":{},"s":{"0":2,"1":0,"2":0,"3":0,"4":2,"5":2},"f":{"0":0},"b":{}}
,"/Users/ba5ik7/Documents/GIT/tmdjr/ngx-editorjs2/projects/ngx-editor-js2/src/lib/directives/control-accessor.directive.ts": {"path":"/Users/ba5ik7/Documents/GIT/tmdjr/ngx-editorjs2/projects/ngx-editor-js2/src/lib/directives/control-accessor.directive.ts","statementMap":{"0":{"start":{"line":1,"column":0},"end":{"line":1,"column":null}},"1":{"start":{"line":9,"column":0},"end":{"line":9,"column":73}},"2":{"start":{"line":22,"column":15},"end":{"line":22,"column":33}},"3":{"start":{"line":24,"column":17},"end":{"line":24,"column":32}},"4":{"start":{"line":26,"column":35},"end":{"line":26,"column":43}},"5":{"start":{"line":27,"column":26},"end":{"line":27,"column":34}},"6":{"start":{"line":30,"column":4},"end":{"line":30,"column":72}},"7":{"start":{"line":34,"column":4},"end":{"line":34,"column":23}},"8":{"start":{"line":38,"column":4},"end":{"line":38,"column":24}},"9":{"start":{"line":43,"column":4},"end":{"line":43,"column":21}},"10":{"start":{"line":48,"column":4},"end":{"line":48,"column":59}},"11":{"start":{"line":21,"column":13},"end":{"line":21,"column":37}},"12":{"start":{"line":21,"column":13},"end":{"line":50,"column":null}},"13":{"start":{"line":16,"column":36},"end":{"line":16,"column":60}}},"fnMap":{"0":{"name":"(anonymous_0)","decl":{"start":{"line":26,"column":35},"end":{"line":26,"column":38}},"loc":{"start":{"line":26,"column":40},"end":{"line":26,"column":43}}},"1":{"name":"(anonymous_1)","decl":{"start":{"line":27,"column":26},"end":{"line":27,"column":29}},"loc":{"start":{"line":27,"column":31},"end":{"line":27,"column":34}}},"2":{"name":"(anonymous_2)","decl":{"start":{"line":29,"column":2},"end":{"line":29,"column":12}},"loc":{"start":{"line":29,"column":12},"end":{"line":31,"column":3}}},"3":{"name":"(anonymous_3)","decl":{"start":{"line":33,"column":2},"end":{"line":33,"column":18}},"loc":{"start":{"line":33,"column":26},"end":{"line":35,"column":3}}},"4":{"name":"(anonymous_4)","decl":{"start":{"line":37,"column":2},"end":{"line":37,"column":19}},"loc":{"start":{"line":37,"column":27},"end":{"line":39,"column":3}}},"5":{"name":"(anonymous_5)","decl":{"start":{"line":42,"column":2},"end":{"line":42,"column":8}},"loc":{"start":{"line":42,"column":8},"end":{"line":44,"column":3}}},"6":{"name":"(anonymous_6)","decl":{"start":{"line":47,"column":2},"end":{"line":47,"column":9}},"loc":{"start":{"line":47,"column":9},"end":{"line":49,"column":3}}},"7":{"name":"(anonymous_7)","decl":{"start":{"line":16,"column":30},"end":{"line":16,"column":33}},"loc":{"start":{"line":16,"column":36},"end":{"line":16,"column":60}}}},"branchMap":{"0":{"loc":{"start":{"line":30,"column":46},"end":{"line":30,"column":71}},"type":"binary-expr","locations":[{"start":{"line":30,"column":46},"end":{"line":30,"column":65}},{"start":{"line":30,"column":69},"end":{"line":30,"column":71}}]}},"s":{"0":2,"1":2,"2":0,"3":0,"4":0,"5":0,"6":0,"7":0,"8":0,"9":0,"10":0,"11":2,"12":2,"13":0},"f":{"0":0,"1":0,"2":0,"3":0,"4":0,"5":0,"6":0,"7":0},"b":{"0":[0,0]}}
,"/Users/ba5ik7/Documents/GIT/tmdjr/ngx-editorjs2/projects/ngx-editor-js2/src/lib/directives/toolbar-fab.directive.ts": {"path":"/Users/ba5ik7/Documents/GIT/tmdjr/ngx-editorjs2/projects/ngx-editor-js2/src/lib/directives/toolbar-fab.directive.ts","statementMap":{"0":{"start":{"line":1,"column":0},"end":{"line":1,"column":null}},"1":{"start":{"line":10,"column":0},"end":{"line":10,"column":62}},"2":{"start":{"line":21,"column":19},"end":{"line":21,"column":41}},"3":{"start":{"line":22,"column":21},"end":{"line":22,"column":45}},"4":{"start":{"line":24,"column":14},"end":{"line":24,"column":30}},"5":{"start":{"line":25,"column":23},"end":{"line":25,"column":51}},"6":{"start":{"line":26,"column":19},"end":{"line":26,"column":61}},"7":{"start":{"line":27,"column":34},"end":{"line":27,"column":58}},"8":{"start":{"line":28,"column":20},"end":{"line":28,"column":44}},"9":{"start":{"line":31,"column":4},"end":{"line":37,"column":7}},"10":{"start":{"line":41,"column":4},"end":{"line":43,"column":7}},"11":{"start":{"line":42,"column":6},"end":{"line":42,"column":46}},"12":{"start":{"line":20,"column":13},"end":{"line":20,"column":32}},"13":{"start":{"line":20,"column":13},"end":{"line":45,"column":null}}},"fnMap":{"0":{"name":"(anonymous_0)","decl":{"start":{"line":30,"column":30},"end":{"line":30,"column":42}},"loc":{"start":{"line":30,"column":42},"end":{"line":38,"column":3}}},"1":{"name":"(anonymous_1)","decl":{"start":{"line":40,"column":2},"end":{"line":40,"column":null}},"loc":{"start":{"line":40,"column":2},"end":{"line":44,"column":3}}},"2":{"name":"(anonymous_2)","decl":{"start":{"line":41,"column":11},"end":{"line":41,"column":14}},"loc":{"start":{"line":41,"column":16},"end":{"line":43,"column":5}}}},"branchMap":{"0":{"loc":{"start":{"line":33,"column":26},"end":{"line":33,"column":57}},"type":"binary-expr","locations":[{"start":{"line":33,"column":26},"end":{"line":33,"column":51}},{"start":{"line":33,"column":55},"end":{"line":33,"column":57}}]},"1":{"loc":{"start":{"line":42,"column":6},"end":{"line":42,"column":45}},"type":"binary-expr","locations":[{"start":{"line":42,"column":6},"end":{"line":42,"column":22}},{"start":{"line":42,"column":26},"end":{"line":42,"column":45}}]}},"s":{"0":2,"1":2,"2":0,"3":0,"4":0,"5":0,"6":0,"7":0,"8":0,"9":0,"10":0,"11":0,"12":2,"13":2},"f":{"0":0,"1":0,"2":0},"b":{"0":[0,0],"1":[0,0]}}
,"/Users/ba5ik7/Documents/GIT/tmdjr/ngx-editorjs2/projects/ngx-editor-js2/src/lib/services/block-movement.service.ts": {"path":"/Users/ba5ik7/Documents/GIT/tmdjr/ngx-editorjs2/projects/ngx-editor-js2/src/lib/services/block-movement.service.ts","statementMap":{"0":{"start":{"line":1,"column":0},"end":{"line":1,"column":75}},"1":{"start":{"line":2,"column":0},"end":{"line":2,"column":66}},"2":{"start":{"line":3,"column":0},"end":{"line":3,"column":null}},"3":{"start":{"line":11,"column":7},"end":{"line":95,"column":null}},"4":{"start":{"line":12,"column":20},"end":{"line":12,"column":67}},"5":{"start":{"line":15,"column":4},"end":{"line":15,"column":33}},"6":{"start":{"line":19,"column":4},"end":{"line":19,"column":57}},"7":{"start":{"line":23,"column":4},"end":{"line":23,"column":66}},"8":{"start":{"line":27,"column":4},"end":{"line":34,"column":6}},"9":{"start":{"line":29,"column":8},"end":{"line":31,"column":null}},"10":{"start":{"line":42,"column":4},"end":{"line":72,"column":6}},"11":{"start":{"line":44,"column":8},"end":{"line":46,"column":null}},"12":{"start":{"line":46,"column":12},"end":{"line":46,"column":66}},"13":{"start":{"line":49,"column":31},"end":{"line":49,"column":45}},"14":{"start":{"line":50,"column":29},"end":{"line":56,"column":8}},"15":{"start":{"line":55,"column":10},"end":{"line":55,"column":67}},"16":{"start":{"line":57,"column":74},"end":{"line":64,"column":8}},"17":{"start":{"line":65,"column":45},"end":{"line":65,"column":70}},"18":{"start":{"line":67,"column":8},"end":{"line":67,"column":56}},"19":{"start":{"line":68,"column":8},"end":{"line":68,"column":53}},"20":{"start":{"line":69,"column":8},"end":{"line":69,"column":49}},"21":{"start":{"line":80,"column":4},"end":{"line":93,"column":6}},"22":{"start":{"line":81,"column":32},"end":{"line":81,"column":67}},"23":{"start":{"line":83,"column":8},"end":{"line":85,"column":null}},"24":{"start":{"line":85,"column":12},"end":{"line":85,"column":66}},"25":{"start":{"line":89,"column":8},"end":{"line":89,"column":65}},"26":{"start":{"line":91,"column":26},"end":{"line":91,"column":67}},"27":{"start":{"line":11,"column":13},"end":{"line":11,"column":33}},"28":{"start":{"line":11,"column":13},"end":{"line":95,"column":null}}},"fnMap":{"0":{"name":"(anonymous_0)","decl":{"start":{"line":14,"column":2},"end":{"line":14,"column":20}},"loc":{"start":{"line":14,"column":20},"end":{"line":16,"column":3}}},"1":{"name":"(anonymous_1)","decl":{"start":{"line":18,"column":2},"end":{"line":18,"column":22}},"loc":{"start":{"line":18,"column":22},"end":{"line":20,"column":3}}},"2":{"name":"(anonymous_2)","decl":{"start":{"line":22,"column":2},"end":{"line":22,"column":22}},"loc":{"start":{"line":22,"column":65},"end":{"line":24,"column":3}}},"3":{"name":"(anonymous_3)","decl":{"start":{"line":26,"column":2},"end":{"line":26,"column":24}},"loc":{"start":{"line":26,"column":52},"end":{"line":35,"column":3}}},"4":{"name":"(anonymous_4)","decl":{"start":{"line":28,"column":10},"end":{"line":28,"column":11}},"loc":{"start":{"line":29,"column":8},"end":{"line":31,"column":null}}},"5":{"name":"(anonymous_5)","decl":{"start":{"line":37,"column":2},"end":{"line":37,"column":28}},"loc":{"start":{"line":40,"column":17},"end":{"line":73,"column":3}}},"6":{"name":"(anonymous_6)","decl":{"start":{"line":43,"column":10},"end":{"line":43,"column":11}},"loc":{"start":{"line":44,"column":8},"end":{"line":46,"column":null}}},"7":{"name":"(anonymous_7)","decl":{"start":{"line":45,"column":10},"end":{"line":45,"column":11}},"loc":{"start":{"line":46,"column":12},"end":{"line":46,"column":66}}},"8":{"name":"(anonymous_8)","decl":{"start":{"line":49,"column":13},"end":{"line":49,"column":14}},"loc":{"start":{"line":49,"column":31},"end":{"line":49,"column":45}}},"9":{"name":"(anonymous_9)","decl":{"start":{"line":50,"column":10},"end":{"line":50,"column":11}},"loc":{"start":{"line":50,"column":29},"end":{"line":56,"column":8}}},"10":{"name":"(anonymous_10)","decl":{"start":{"line":54,"column":18},"end":{"line":54,"column":19}},"loc":{"start":{"line":55,"column":10},"end":{"line":55,"column":67}}},"11":{"name":"(anonymous_11)","decl":{"start":{"line":57,"column":10},"end":{"line":57,"column":11}},"loc":{"start":{"line":57,"column":74},"end":{"line":64,"column":8}}},"12":{"name":"(anonymous_12)","decl":{"start":{"line":65,"column":13},"end":{"line":65,"column":14}},"loc":{"start":{"line":65,"column":45},"end":{"line":65,"column":70}}},"13":{"name":"(anonymous_13)","decl":{"start":{"line":66,"column":10},"end":{"line":66,"column":11}},"loc":{"start":{"line":66,"column":41},"end":{"line":70,"column":7}}},"14":{"name":"(anonymous_14)","decl":{"start":{"line":75,"column":2},"end":{"line":75,"column":22}},"loc":{"start":{"line":78,"column":17},"end":{"line":94,"column":3}}},"15":{"name":"(anonymous_15)","decl":{"start":{"line":81,"column":13},"end":{"line":81,"column":14}},"loc":{"start":{"line":81,"column":32},"end":{"line":81,"column":67}}},"16":{"name":"(anonymous_16)","decl":{"start":{"line":82,"column":10},"end":{"line":82,"column":11}},"loc":{"start":{"line":83,"column":8},"end":{"line":85,"column":null}}},"17":{"name":"(anonymous_17)","decl":{"start":{"line":84,"column":10},"end":{"line":84,"column":11}},"loc":{"start":{"line":85,"column":12},"end":{"line":85,"column":66}}},"18":{"name":"(anonymous_18)","decl":{"start":{"line":88,"column":10},"end":{"line":88,"column":11}},"loc":{"start":{"line":89,"column":8},"end":{"line":89,"column":65}}},"19":{"name":"(anonymous_19)","decl":{"start":{"line":91,"column":10},"end":{"line":91,"column":11}},"loc":{"start":{"line":91,"column":26},"end":{"line":91,"column":67}}}},"branchMap":{"0":{"loc":{"start":{"line":55,"column":10},"end":{"line":55,"column":67}},"type":"cond-expr","locations":[{"start":{"line":55,"column":46},"end":{"line":55,"column":55}},{"start":{"line":55,"column":58},"end":{"line":55,"column":67}}]},"1":{"loc":{"start":{"line":78,"column":4},"end":{"line":78,"column":17}},"type":"default-arg","locations":[{"start":{"line":78,"column":12},"end":{"line":78,"column":17}}]},"2":{"loc":{"start":{"line":81,"column":32},"end":{"line":81,"column":67}},"type":"binary-expr","locations":[{"start":{"line":81,"column":32},"end":{"line":81,"column":37}},{"start":{"line":81,"column":41},"end":{"line":81,"column":67}}]},"3":{"loc":{"start":{"line":89,"column":36},"end":{"line":89,"column":64}},"type":"binary-expr","locations":[{"start":{"line":89,"column":36},"end":{"line":89,"column":58}},{"start":{"line":89,"column":62},"end":{"line":89,"column":64}}]},"4":{"loc":{"start":{"line":91,"column":26},"end":{"line":91,"column":67}},"type":"binary-expr","locations":[{"start":{"line":91,"column":26},"end":{"line":91,"column":36}},{"start":{"line":91,"column":40},"end":{"line":91,"column":67}}]}},"s":{"0":2,"1":2,"2":2,"3":2,"4":0,"5":0,"6":0,"7":0,"8":0,"9":0,"10":0,"11":0,"12":0,"13":0,"14":0,"15":0,"16":0,"17":0,"18":0,"19":0,"20":0,"21":0,"22":0,"23":0,"24":0,"25":0,"26":0,"27":2,"28":2},"f":{"0":0,"1":0,"2":0,"3":0,"4":0,"5":0,"6":0,"7":0,"8":0,"9":0,"10":0,"11":0,"12":0,"13":0,"14":0,"15":0,"16":0,"17":0,"18":0,"19":0},"b":{"0":[0,0],"1":[0],"2":[0,0],"3":[0,0],"4":[0,0]}}
,"/Users/ba5ik7/Documents/GIT/tmdjr/ngx-editorjs2/projects/ngx-editor-js2/src/lib/services/editor-js.service.ts": {"path":"/Users/ba5ik7/Documents/GIT/tmdjr/ngx-editorjs2/projects/ngx-editor-js2/src/lib/services/editor-js.service.ts","statementMap":{"0":{"start":{"line":1,"column":0},"end":{"line":1,"column":75}},"1":{"start":{"line":2,"column":0},"end":{"line":2,"column":45}},"2":{"start":{"line":3,"column":0},"end":{"line":3,"column":null}},"3":{"start":{"line":17,"column":0},"end":{"line":17,"column":null}},"4":{"start":{"line":23,"column":0},"end":{"line":23,"column":64}},"5":{"start":{"line":25,"column":18},"end":{"line":25,"column":63}},"6":{"start":{"line":25,"column":24},"end":{"line":25,"column":63}},"7":{"start":{"line":29,"column":7},"end":{"line":198,"column":null}},"8":{"start":{"line":30,"column":16},"end":{"line":30,"column":35}},"9":{"start":{"line":31,"column":25},"end":{"line":31,"column":53}},"10":{"start":{"line":33,"column":20},"end":{"line":33,"column":46}},"11":{"start":{"line":36,"column":14},"end":{"line":36,"column":40}},"12":{"start":{"line":40,"column":4},"end":{"line":40,"column":31}},"13":{"start":{"line":44,"column":4},"end":{"line":64,"column":7}},"14":{"start":{"line":45,"column":6},"end":{"line":63,"column":49}},"15":{"start":{"line":48,"column":12},"end":{"line":54,"column":15}},"16":{"start":{"line":48,"column":67},"end":{"line":54,"column":14}},"17":{"start":{"line":56,"column":26},"end":{"line":56,"column":74}},"18":{"start":{"line":56,"column":48},"end":{"line":56,"column":73}},"19":{"start":{"line":60,"column":10},"end":{"line":60,"column":32}},"20":{"start":{"line":61,"column":10},"end":{"line":61,"column":30}},"21":{"start":{"line":63,"column":26},"end":{"line":63,"column":47}},"22":{"start":{"line":71,"column":4},"end":{"line":80,"column":7}},"23":{"start":{"line":84,"column":4},"end":{"line":88,"column":7}},"24":{"start":{"line":95,"column":4},"end":{"line":97,"column":6}},"25":{"start":{"line":96,"column":27},"end":{"line":96,"column":74}},"26":{"start":{"line":107,"column":4},"end":{"line":122,"column":6}},"27":{"start":{"line":109,"column":29},"end":{"line":111,"column":10}},"28":{"start":{"line":112,"column":8},"end":{"line":112,"column":50}},"29":{"start":{"line":113,"column":8},"end":{"line":113,"column":59}},"30":{"start":{"line":114,"column":8},"end":{"line":114,"column":62}},"31":{"start":{"line":115,"column":8},"end":{"line":115,"column":54}},"32":{"start":{"line":117,"column":8},"end":{"line":117,"column":75}},"33":{"start":{"line":119,"column":8},"end":{"line":119,"column":69}},"34":{"start":{"line":120,"column":8},"end":{"line":120,"column":28}},"35":{"start":{"line":130,"column":4},"end":{"line":142,"column":6}},"36":{"start":{"line":131,"column":12},"end":{"line":131,"column":49}},"37":{"start":{"line":140,"column":8},"end":{"line":140,"column":72}},"38":{"start":{"line":146,"column":4},"end":{"line":155,"column":6}},"39":{"start":{"line":147,"column":26},"end":{"line":147,"column":35}},"40":{"start":{"line":149,"column":8},"end":{"line":149,"column":51}},"41":{"start":{"line":152,"column":8},"end":{"line":152,"column":72}},"42":{"start":{"line":159,"column":4},"end":{"line":166,"column":7}},"43":{"start":{"line":170,"column":4},"end":{"line":196,"column":6}},"44":{"start":{"line":171,"column":32},"end":{"line":171,"column":56}},"45":{"start":{"line":173,"column":8},"end":{"line":174,"column":null}},"46":{"start":{"line":174,"column":20},"end":{"line":174,"column":67}},"47":{"start":{"line":178,"column":8},"end":{"line":185,"column":null}},"48":{"start":{"line":180,"column":12},"end":{"line":183,"column":null}},"49":{"start":{"line":189,"column":8},"end":{"line":189,"column":72}},"50":{"start":{"line":192,"column":8},"end":{"line":192,"column":null}},"51":{"start":{"line":193,"column":8},"end":{"line":193,"column":null}},"52":{"start":{"line":29,"column":13},"end":{"line":29,"column":28}},"53":{"start":{"line":29,"column":13},"end":{"line":198,"column":null}}},"fnMap":{"0":{"name":"(anonymous_0)","decl":{"start":{"line":25,"column":18},"end":{"line":25,"column":21}},"loc":{"start":{"line":25,"column":24},"end":{"line":25,"column":63}}},"1":{"name":"(anonymous_1)","decl":{"start":{"line":39,"column":2},"end":{"line":39,"column":14}},"loc":{"start":{"line":39,"column":42},"end":{"line":41,"column":3}}},"2":{"name":"(anonymous_2)","decl":{"start":{"line":43,"column":2},"end":{"line":43,"column":12}},"loc":{"start":{"line":43,"column":12},"end":{"line":65,"column":3}}},"3":{"name":"(anonymous_3)","decl":{"start":{"line":44,"column":46},"end":{"line":44,"column":47}},"loc":{"start":{"line":44,"column":59},"end":{"line":64,"column":5}}},"4":{"name":"(anonymous_4)","decl":{"start":{"line":47,"column":14},"end":{"line":47,"column":15}},"loc":{"start":{"line":48,"column":12},"end":{"line":54,"column":15}}},"5":{"name":"(anonymous_5)","decl":{"start":{"line":48,"column":48},"end":{"line":48,"column":49}},"loc":{"start":{"line":48,"column":67},"end":{"line":54,"column":14}}},"6":{"name":"(anonymous_6)","decl":{"start":{"line":56,"column":14},"end":{"line":56,"column":15}},"loc":{"start":{"line":56,"column":26},"end":{"line":56,"column":74}}},"7":{"name":"(anonymous_7)","decl":{"start":{"line":56,"column":38},"end":{"line":56,"column":39}},"loc":{"start":{"line":56,"column":48},"end":{"line":56,"column":73}}},"8":{"name":"(anonymous_8)","decl":{"start":{"line":59,"column":14},"end":{"line":59,"column":15}},"loc":{"start":{"line":59,"column":25},"end":{"line":62,"column":9}}},"9":{"name":"(anonymous_9)","decl":{"start":{"line":63,"column":15},"end":{"line":63,"column":16}},"loc":{"start":{"line":63,"column":26},"end":{"line":63,"column":47}}},"10":{"name":"(anonymous_10)","decl":{"start":{"line":67,"column":2},"end":{"line":67,"column":37}},"loc":{"start":{"line":69,"column":41},"end":{"line":81,"column":3}}},"11":{"name":"(anonymous_11)","decl":{"start":{"line":83,"column":2},"end":{"line":83,"column":19}},"loc":{"start":{"line":83,"column":67},"end":{"line":89,"column":3}}},"12":{"name":"(anonymous_12)","decl":{"start":{"line":91,"column":2},"end":{"line":91,"column":24}},"loc":{"start":{"line":94,"column":34},"end":{"line":98,"column":3}}},"13":{"name":"(anonymous_13)","decl":{"start":{"line":96,"column":10},"end":{"line":96,"column":11}},"loc":{"start":{"line":96,"column":27},"end":{"line":96,"column":74}}},"14":{"name":"(anonymous_14)","decl":{"start":{"line":100,"column":2},"end":{"line":100,"column":17}},"loc":{"start":{"line":106,"column":34},"end":{"line":123,"column":3}}},"15":{"name":"(anonymous_15)","decl":{"start":{"line":108,"column":10},"end":{"line":108,"column":11}},"loc":{"start":{"line":108,"column":26},"end":{"line":121,"column":7}}},"16":{"name":"(anonymous_16)","decl":{"start":{"line":125,"column":2},"end":{"line":125,"column":29}},"loc":{"start":{"line":128,"column":27},"end":{"line":143,"column":3}}},"17":{"name":"(anonymous_17)","decl":{"start":{"line":131,"column":6},"end":{"line":131,"column":9}},"loc":{"start":{"line":131,"column":12},"end":{"line":131,"column":49}}},"18":{"name":"(anonymous_18)","decl":{"start":{"line":139,"column":16},"end":{"line":139,"column":19}},"loc":{"start":{"line":140,"column":8},"end":{"line":140,"column":72}}},"19":{"name":"(anonymous_19)","decl":{"start":{"line":145,"column":2},"end":{"line":145,"column":28}},"loc":{"start":{"line":145,"column":72},"end":{"line":156,"column":3}}},"20":{"name":"(anonymous_20)","decl":{"start":{"line":147,"column":13},"end":{"line":147,"column":14}},"loc":{"start":{"line":147,"column":26},"end":{"line":147,"column":35}}},"21":{"name":"(anonymous_21)","decl":{"start":{"line":148,"column":10},"end":{"line":148,"column":11}},"loc":{"start":{"line":148,"column":22},"end":{"line":150,"column":7}}},"22":{"name":"(anonymous_22)","decl":{"start":{"line":151,"column":16},"end":{"line":151,"column":19}},"loc":{"start":{"line":152,"column":8},"end":{"line":152,"column":72}}},"23":{"name":"(anonymous_23)","decl":{"start":{"line":158,"column":2},"end":{"line":158,"column":22}},"loc":{"start":{"line":158,"column":76},"end":{"line":167,"column":3}}},"24":{"name":"(anonymous_24)","decl":{"start":{"line":169,"column":2},"end":{"line":169,"column":13}},"loc":{"start":{"line":169,"column":13},"end":{"line":197,"column":3}}},"25":{"name":"(anonymous_25)","decl":{"start":{"line":171,"column":13},"end":{"line":171,"column":14}},"loc":{"start":{"line":171,"column":32},"end":{"line":171,"column":56}}},"26":{"name":"(anonymous_26)","decl":{"start":{"line":172,"column":10},"end":{"line":172,"column":11}},"loc":{"start":{"line":173,"column":8},"end":{"line":174,"column":null}}},"27":{"name":"(anonymous_27)","decl":{"start":{"line":174,"column":10},"end":{"line":174,"column":11}},"loc":{"start":{"line":174,"column":20},"end":{"line":174,"column":67}}},"28":{"name":"(anonymous_28)","decl":{"start":{"line":177,"column":15},"end":{"line":177,"column":16}},"loc":{"start":{"line":178,"column":8},"end":{"line":185,"column":null}}},"29":{"name":"(anonymous_29)","decl":{"start":{"line":179,"column":49},"end":{"line":179,"column":50}},"loc":{"start":{"line":180,"column":12},"end":{"line":183,"column":null}}},"30":{"name":"(anonymous_30)","decl":{"start":{"line":188,"column":16},"end":{"line":188,"column":19}},"loc":{"start":{"line":189,"column":8},"end":{"line":189,"column":72}}},"31":{"name":"(anonymous_31)","decl":{"start":{"line":191,"column":10},"end":{"line":191,"column":13}},"loc":{"start":{"line":191,"column":15},"end":{"line":194,"column":7}}}},"branchMap":{"0":{"loc":{"start":{"line":117,"column":8},"end":{"line":117,"column":74}},"type":"binary-expr","locations":[{"start":{"line":117,"column":8},"end":{"line":117,"column":19}},{"start":{"line":117,"column":23},"end":{"line":117,"column":74}}]},"1":{"loc":{"start":{"line":158,"column":63},"end":{"line":158,"column":76}},"type":"default-arg","locations":[{"start":{"line":158,"column":71},"end":{"line":158,"column":76}}]}},"s":{"0":2,"1":2,"2":2,"3":2,"4":2,"5":2,"6":0,"7":2,"8":0,"9":0,"10":0,"11":0,"12":0,"13":0,"14":0,"15":0,"16":0,"17":0,"18":0,"19":0,"20":0,"21":0,"22":0,"23":0,"24":0,"25":0,"26":0,"27":0,"28":0,"29":0,"30":0,"31":0,"32":0,"33":0,"34":0,"35":0,"36":0,"37":0,"38":0,"39":0,"40":0,"41":0,"42":0,"43":0,"44":0,"45":0,"46":0,"47":0,"48":0,"49":0,"50":0,"51":0,"52":2,"53":2},"f":{"0":0,"1":0,"2":0,"3":0,"4":0,"5":0,"6":0,"7":0,"8":0,"9":0,"10":0,"11":0,"12":0,"13":0,"14":0,"15":0,"16":0,"17":0,"18":0,"19":0,"20":0,"21":0,"22":0,"23":0,"24":0,"25":0,"26":0,"27":0,"28":0,"29":0,"30":0,"31":0},"b":{"0":[0,0],"1":[0]}}
,"/Users/ba5ik7/Documents/GIT/tmdjr/ngx-editorjs2/projects/ngx-editor-js2/src/lib/services/ngx-editor-js2.service.ts": {"path":"/Users/ba5ik7/Documents/GIT/tmdjr/ngx-editorjs2/projects/ngx-editor-js2/src/lib/services/ngx-editor-js2.service.ts","statementMap":{"0":{"start":{"line":1,"column":0},"end":{"line":1,"column":73}},"1":{"start":{"line":2,"column":0},"end":{"line":2,"column":83}},"2":{"start":{"line":3,"column":0},"end":{"line":3,"column":89}},"3":{"start":{"line":4,"column":0},"end":{"line":4,"column":null}},"4":{"start":{"line":15,"column":0},"end":{"line":15,"column":54}},"5":{"start":{"line":24,"column":13},"end":{"line":26,"column":2}},"6":{"start":{"line":31,"column":7},"end":{"line":142,"column":null}},"7":{"start":{"line":32,"column":20},"end":{"line":32,"column":43}},"8":{"start":{"line":34,"column":28},"end":{"line":36,"column":null}},"9":{"start":{"line":39,"column":28},"end":{"line":50,"column":4}},"10":{"start":{"line":52,"column":21},"end":{"line":55,"column":68}},"11":{"start":{"line":55,"column":40},"end":{"line":55,"column":66}},"12":{"start":{"line":57,"column":17},"end":{"line":57,"column":60}},"13":{"start":{"line":59,"column":16},"end":{"line":74,"column":null}},"14":{"start":{"line":61,"column":27},"end":{"line":61,"column":63}},"15":{"start":{"line":62,"column":22},"end":{"line":62,"column":63}},"16":{"start":{"line":63,"column":20},"end":{"line":63,"column":65}},"17":{"start":{"line":64,"column":20},"end":{"line":64,"column":43}},"18":{"start":{"line":65,"column":26},"end":{"line":65,"column":59}},"19":{"start":{"line":67,"column":6},"end":{"line":67,"column":70}},"20":{"start":{"line":70,"column":6},"end":{"line":70,"column":68}},"21":{"start":{"line":73,"column":6},"end":{"line":73,"column":62}},"22":{"start":{"line":73,"column":54},"end":{"line":73,"column":60}},"23":{"start":{"line":78,"column":4},"end":{"line":78,"column":70}},"24":{"start":{"line":82,"column":4},"end":{"line":82,"column":65}},"25":{"start":{"line":86,"column":4},"end":{"line":94,"column":6}},"26":{"start":{"line":98,"column":4},"end":{"line":100,"column":6}},"27":{"start":{"line":99,"column":36},"end":{"line":99,"column":58}},"28":{"start":{"line":104,"column":4},"end":{"line":104,"column":60}},"29":{"start":{"line":104,"column":33},"end":{"line":104,"column":58}},"30":{"start":{"line":108,"column":4},"end":{"line":108,"column":62}},"31":{"start":{"line":115,"column":4},"end":{"line":120,"column":6}},"32":{"start":{"line":118,"column":36},"end":{"line":118,"column":76}},"33":{"start":{"line":127,"column":4},"end":{"line":132,"column":8}},"34":{"start":{"line":127,"column":34},"end":{"line":132,"column":6}},"35":{"start":{"line":136,"column":4},"end":{"line":140,"column":6}},"36":{"start":{"line":138,"column":8},"end":{"line":138,"column":53}},"37":{"start":{"line":31,"column":13},"end":{"line":31,"column":32}},"38":{"start":{"line":31,"column":13},"end":{"line":142,"column":null}}},"fnMap":{"0":{"name":"(anonymous_0)","decl":{"start":{"line":55,"column":14},"end":{"line":55,"column":15}},"loc":{"start":{"line":55,"column":40},"end":{"line":55,"column":66}}},"1":{"name":"(anonymous_1)","decl":{"start":{"line":61,"column":15},"end":{"line":61,"column":16}},"loc":{"start":{"line":61,"column":27},"end":{"line":61,"column":63}}},"2":{"name":"(anonymous_2)","decl":{"start":{"line":62,"column":8},"end":{"line":62,"column":9}},"loc":{"start":{"line":62,"column":22},"end":{"line":62,"column":63}}},"3":{"name":"(anonymous_3)","decl":{"start":{"line":63,"column":8},"end":{"line":63,"column":9}},"loc":{"start":{"line":63,"column":20},"end":{"line":63,"column":65}}},"4":{"name":"(anonymous_4)","decl":{"start":{"line":64,"column":8},"end":{"line":64,"column":9}},"loc":{"start":{"line":64,"column":20},"end":{"line":64,"column":43}}},"5":{"name":"(anonymous_5)","decl":{"start":{"line":65,"column":14},"end":{"line":65,"column":15}},"loc":{"start":{"line":65,"column":26},"end":{"line":65,"column":59}}},"6":{"name":"(anonymous_6)","decl":{"start":{"line":66,"column":8},"end":{"line":66,"column":9}},"loc":{"start":{"line":67,"column":6},"end":{"line":67,"column":70}}},"7":{"name":"(anonymous_7)","decl":{"start":{"line":69,"column":8},"end":{"line":69,"column":9}},"loc":{"start":{"line":70,"column":6},"end":{"line":70,"column":68}}},"8":{"name":"(anonymous_8)","decl":{"start":{"line":72,"column":13},"end":{"line":72,"column":14}},"loc":{"start":{"line":73,"column":6},"end":{"line":73,"column":62}}},"9":{"name":"(anonymous_9)","decl":{"start":{"line":73,"column":48},"end":{"line":73,"column":51}},"loc":{"start":{"line":73,"column":54},"end":{"line":73,"column":60}}},"10":{"name":"(anonymous_10)","decl":{"start":{"line":77,"column":2},"end":{"line":77,"column":25}},"loc":{"start":{"line":77,"column":52},"end":{"line":79,"column":3}}},"11":{"name":"(anonymous_11)","decl":{"start":{"line":81,"column":2},"end":{"line":81,"column":30}},"loc":{"start":{"line":81,"column":57},"end":{"line":83,"column":3}}},"12":{"name":"(anonymous_12)","decl":{"start":{"line":85,"column":2},"end":{"line":85,"column":19}},"loc":{"start":{"line":85,"column":19},"end":{"line":95,"column":3}}},"13":{"name":"(anonymous_13)","decl":{"start":{"line":97,"column":2},"end":{"line":97,"column":34}},"loc":{"start":{"line":97,"column":61},"end":{"line":101,"column":3}}},"14":{"name":"(anonymous_14)","decl":{"start":{"line":99,"column":25},"end":{"line":99,"column":26}},"loc":{"start":{"line":99,"column":36},"end":{"line":99,"column":58}}},"15":{"name":"(anonymous_15)","decl":{"start":{"line":103,"column":2},"end":{"line":103,"column":12}},"loc":{"start":{"line":103,"column":39},"end":{"line":105,"column":3}}},"16":{"name":"(anonymous_16)","decl":{"start":{"line":104,"column":23},"end":{"line":104,"column":24}},"loc":{"start":{"line":104,"column":33},"end":{"line":104,"column":58}}},"17":{"name":"(anonymous_17)","decl":{"start":{"line":107,"column":2},"end":{"line":107,"column":22}},"loc":{"start":{"line":107,"column":49},"end":{"line":109,"column":3}}},"18":{"name":"(anonymous_18)","decl":{"start":{"line":111,"column":2},"end":{"line":111,"column":36}},"loc":{"start":{"line":113,"column":37},"end":{"line":121,"column":3}}},"19":{"name":"(anonymous_19)","decl":{"start":{"line":118,"column":28},"end":{"line":118,"column":29}},"loc":{"start":{"line":118,"column":36},"end":{"line":118,"column":76}}},"20":{"name":"(anonymous_20)","decl":{"start":{"line":123,"column":2},"end":{"line":123,"column":31}},"loc":{"start":{"line":125,"column":57},"end":{"line":133,"column":3}}},"21":{"name":"(anonymous_21)","decl":{"start":{"line":127,"column":22},"end":{"line":127,"column":23}},"loc":{"start":{"line":127,"column":34},"end":{"line":132,"column":6}}},"22":{"name":"(anonymous_22)","decl":{"start":{"line":135,"column":2},"end":{"line":135,"column":21}},"loc":{"start":{"line":135,"column":61},"end":{"line":141,"column":3}}},"23":{"name":"(anonymous_23)","decl":{"start":{"line":137,"column":17},"end":{"line":137,"column":18}},"loc":{"start":{"line":138,"column":8},"end":{"line":138,"column":53}}}},"branchMap":{"0":{"loc":{"start":{"line":35,"column":4},"end":{"line":36,"column":8}},"type":"binary-expr","locations":[{"start":{"line":35,"column":4},"end":{"line":35,"column":77}},{"start":{"line":36,"column":6},"end":{"line":36,"column":8}}]},"1":{"loc":{"start":{"line":82,"column":11},"end":{"line":82,"column":64}},"type":"cond-expr","locations":[{"start":{"line":82,"column":31},"end":{"line":82,"column":37}},{"start":{"line":82,"column":40},"end":{"line":82,"column":64}}]},"2":{"loc":{"start":{"line":130,"column":8},"end":{"line":131,"column":28}},"type":"binary-expr","locations":[{"start":{"line":130,"column":8},"end":{"line":130,"column":59}},{"start":{"line":131,"column":8},"end":{"line":131,"column":28}}]}},"s":{"0":2,"1":2,"2":2,"3":2,"4":2,"5":2,"6":2,"7":0,"8":0,"9":0,"10":0,"11":0,"12":0,"13":0,"14":0,"15":0,"16":0,"17":0,"18":0,"19":0,"20":0,"21":0,"22":0,"23":0,"24":0,"25":0,"26":0,"27":0,"28":0,"29":0,"30":0,"31":0,"32":0,"33":0,"34":0,"35":0,"36":0,"37":2,"38":2},"f":{"0":0,"1":0,"2":0,"3":0,"4":0,"5":0,"6":0,"7":0,"8":0,"9":0,"10":0,"11":0,"12":0,"13":0,"14":0,"15":0,"16":0,"17":0,"18":0,"19":0,"20":0,"21":0,"22":0,"23":0},"b":{"0":[0,0],"1":[0,0],"2":[0,0]}}
,"/Users/ba5ik7/Documents/GIT/tmdjr/ngx-editorjs2/projects/ngx-editor-js2/src/lib/services/tool-fab.service.ts": {"path":"/Users/ba5ik7/Documents/GIT/tmdjr/ngx-editorjs2/projects/ngx-editor-js2/src/lib/services/tool-fab.service.ts","statementMap":{"0":{"start":{"line":1,"column":0},"end":{"line":1,"column":75}},"1":{"start":{"line":2,"column":0},"end":{"line":2,"column":null}},"2":{"start":{"line":12,"column":0},"end":{"line":12,"column":75}},"3":{"start":{"line":13,"column":0},"end":{"line":13,"column":54}},"4":{"start":{"line":14,"column":0},"end":{"line":14,"column":63}},"5":{"start":{"line":32,"column":7},"end":{"line":94,"column":null}},"6":{"start":{"line":33,"column":24},"end":{"line":33,"column":51}},"7":{"start":{"line":34,"column":20},"end":{"line":34,"column":43}},"8":{"start":{"line":36,"column":21},"end":{"line":36,"column":64}},"9":{"start":{"line":37,"column":25},"end":{"line":70,"column":null}},"10":{"start":{"line":41,"column":37},"end":{"line":41,"column":62}},"11":{"start":{"line":44,"column":8},"end":{"line":47,"column":16}},"12":{"start":{"line":56,"column":10},"end":{"line":56,"column":27}},"13":{"start":{"line":58,"column":27},"end":{"line":58,"column":77}},"14":{"start":{"line":59,"column":6},"end":{"line":59,"column":72}},"15":{"start":{"line":60,"column":6},"end":{"line":60,"column":64}},"16":{"start":{"line":61,"column":6},"end":{"line":61,"column":70}},"17":{"start":{"line":62,"column":6},"end":{"line":62,"column":62}},"18":{"start":{"line":63,"column":6},"end":{"line":63,"column":64}},"19":{"start":{"line":64,"column":6},"end":{"line":64,"column":74}},"20":{"start":{"line":65,"column":6},"end":{"line":68,"column":8}},"21":{"start":{"line":69,"column":6},"end":{"line":69,"column":26}},"22":{"start":{"line":74,"column":4},"end":{"line":78,"column":8}},"23":{"start":{"line":77,"column":29},"end":{"line":77,"column":74}},"24":{"start":{"line":86,"column":4},"end":{"line":92,"column":6}},"25":{"start":{"line":32,"column":13},"end":{"line":32,"column":27}},"26":{"start":{"line":32,"column":13},"end":{"line":94,"column":null}}},"fnMap":{"0":{"name":"(anonymous_0)","decl":{"start":{"line":41,"column":11},"end":{"line":41,"column":12}},"loc":{"start":{"line":41,"column":37},"end":{"line":41,"column":62}}},"1":{"name":"(anonymous_1)","decl":{"start":{"line":43,"column":6},"end":{"line":43,"column":7}},"loc":{"start":{"line":44,"column":8},"end":{"line":47,"column":16}}},"2":{"name":"(anonymous_2)","decl":{"start":{"line":49,"column":8},"end":{"line":49,"column":9}},"loc":{"start":{"line":49,"column":50},"end":{"line":70,"column":5}}},"3":{"name":"(anonymous_3)","decl":{"start":{"line":73,"column":2},"end":{"line":73,"column":10}},"loc":{"start":{"line":73,"column":53},"end":{"line":79,"column":3}}},"4":{"name":"(anonymous_4)","decl":{"start":{"line":77,"column":18},"end":{"line":77,"column":19}},"loc":{"start":{"line":77,"column":29},"end":{"line":77,"column":74}}},"5":{"name":"(anonymous_5)","decl":{"start":{"line":81,"column":2},"end":{"line":81,"column":20}},"loc":{"start":{"line":84,"column":27},"end":{"line":93,"column":3}}}},"branchMap":{"0":{"loc":{"start":{"line":44,"column":8},"end":{"line":47,"column":16}},"type":"cond-expr","locations":[{"start":{"line":46,"column":13},"end":{"line":46,"column":54}},{"start":{"line":47,"column":12},"end":{"line":47,"column":16}}]},"1":{"loc":{"start":{"line":44,"column":8},"end":{"line":45,"column":64}},"type":"binary-expr","locations":[{"start":{"line":44,"column":8},"end":{"line":44,"column":42}},{"start":{"line":45,"column":8},"end":{"line":45,"column":64}}]}},"s":{"0":2,"1":2,"2":2,"3":2,"4":2,"5":2,"6":0,"7":0,"8":0,"9":0,"10":0,"11":0,"12":0,"13":0,"14":0,"15":0,"16":0,"17":0,"18":0,"19":0,"20":0,"21":0,"22":0,"23":0,"24":0,"25":2,"26":2},"f":{"0":0,"1":0,"2":0,"3":0,"4":0,"5":0},"b":{"0":[0,0],"1":[0,0]}}
}
