TN:
SF:projects/ngx-editor-js2/src/lib/ngx-editor-js2.interface.ts
FN:40,(anonymous_0)
FNF:1
FNH:1
FNDA:2,(anonymous_0)
DA:40,2
DA:41,2
DA:42,2
DA:43,2
LF:4
LH:4
BRDA:40,0,0,2
BRDA:40,0,1,2
BRF:2
BRH:2
end_of_record
TN:
SF:projects/ngx-editor-js2/src/lib/components/blocks/header-block.component.ts
FN:115,(anonymous_0)
FNF:1
FNH:0
FNDA:0,(anonymous_0)
DA:1,2
DA:2,2
DA:3,2
DA:4,2
DA:5,2
DA:6,2
DA:11,2
DA:12,2
DA:98,2
DA:99,0
DA:100,0
DA:101,0
DA:102,0
DA:103,0
DA:112,0
DA:113,0
DA:116,0
LF:17
LH:9
BRF:0
BRH:0
end_of_record
TN:
SF:projects/ngx-editor-js2/src/lib/components/blocks/paragraph-block.component.ts
FN:82,(anonymous_0)
FN:83,(anonymous_1)
FNF:2
FNH:0
FNDA:0,(anonymous_0)
FNDA:0,(anonymous_1)
DA:1,2
DA:2,2
DA:3,2
DA:4,2
DA:5,2
DA:10,2
DA:11,2
DA:65,2
DA:66,0
DA:67,0
DA:68,0
DA:69,0
DA:70,0
DA:79,0
DA:80,0
DA:83,0
LF:16
LH:8
BRF:0
BRH:0
end_of_record
TN:
SF:projects/ngx-editor-js2/src/lib/components/toolbar/toolbar-block-options.component.ts
FN:83,(anonymous_0)
FN:87,(anonymous_1)
FNF:2
FNH:0
FNDA:0,(anonymous_0)
FNDA:0,(anonymous_1)
DA:1,2
DA:2,2
DA:3,2
DA:4,2
DA:73,2
DA:74,0
DA:76,0
DA:78,0
DA:79,0
DA:84,0
DA:88,0
LF:11
LH:5
BRF:0
BRH:0
end_of_record
TN:
SF:projects/ngx-editor-js2/src/lib/components/toolbar/toolbar-blocks.component.ts
FN:91,(anonymous_0)
FN:96,(anonymous_1)
FN:101,(anonymous_2)
FN:105,(anonymous_3)
FNF:4
FNH:0
FNDA:0,(anonymous_0)
FNDA:0,(anonymous_1)
FNDA:0,(anonymous_2)
FNDA:0,(anonymous_3)
DA:1,2
DA:2,2
DA:3,2
DA:4,2
DA:5,2
DA:6,2
DA:7,2
DA:8,2
DA:9,2
DA:82,2
DA:83,0
DA:84,0
DA:85,0
DA:87,0
DA:88,0
DA:90,0
DA:92,0
DA:93,0
DA:94,0
DA:96,0
DA:98,0
DA:101,0
DA:106,0
LF:23
LH:10
BRDA:92,0,0,0
BRF:1
BRH:0
end_of_record
TN:
SF:projects/ngx-editor-js2/src/lib/components/toolbar/toolbar.component.ts
FN:125,(anonymous_0)
FN:125,(anonymous_1)
FN:133,(anonymous_2)
FN:134,(anonymous_3)
FN:137,(anonymous_4)
FN:138,(anonymous_5)
FN:141,(anonymous_6)
FN:149,(anonymous_7)
FN:154,(anonymous_8)
FN:161,(anonymous_9)
FNF:10
FNH:0
FNDA:0,(anonymous_0)
FNDA:0,(anonymous_1)
FNDA:0,(anonymous_2)
FNDA:0,(anonymous_3)
FNDA:0,(anonymous_4)
FNDA:0,(anonymous_5)
FNDA:0,(anonymous_6)
FNDA:0,(anonymous_7)
FNDA:0,(anonymous_8)
FNDA:0,(anonymous_9)
DA:1,2
DA:2,2
DA:3,2
DA:4,2
DA:5,2
DA:6,2
DA:7,2
DA:121,2
DA:122,0
DA:123,0
DA:124,0
DA:125,0
DA:126,0
DA:127,0
DA:128,0
DA:130,0
DA:131,0
DA:134,0
DA:138,0
DA:142,0
DA:143,0
DA:150,0
DA:151,0
DA:155,0
DA:156,0
DA:162,0
DA:163,0
LF:27
LH:8
BRF:0
BRH:0
end_of_record
TN:
SF:projects/ngx-editor-js2/src/lib/directives/autofocus.directive.ts
FN:17,(anonymous_0)
FNF:1
FNH:0
FNDA:0,(anonymous_0)
DA:1,2
DA:12,2
DA:13,0
DA:15,0
DA:18,0
LF:5
LH:2
BRDA:18,0,0,0
BRDA:18,0,1,0
BRF:2
BRH:0
end_of_record
TN:
SF:projects/ngx-editor-js2/src/lib/directives/clean-paste-data.directive.ts
FN:11,(anonymous_0)
FNF:1
FNH:0
FNDA:0,(anonymous_0)
DA:1,2
DA:9,2
DA:12,0
DA:13,0
DA:14,0
LF:5
LH:2
BRF:0
BRH:0
end_of_record
TN:
SF:projects/ngx-editor-js2/src/lib/directives/control-accessor.directive.ts
FN:26,(anonymous_0)
FN:27,(anonymous_1)
FN:29,(anonymous_2)
FN:33,(anonymous_3)
FN:37,(anonymous_4)
FN:42,(anonymous_5)
FN:47,(anonymous_6)
FN:16,(anonymous_7)
FNF:8
FNH:0
FNDA:0,(anonymous_0)
FNDA:0,(anonymous_1)
FNDA:0,(anonymous_2)
FNDA:0,(anonymous_3)
FNDA:0,(anonymous_4)
FNDA:0,(anonymous_5)
FNDA:0,(anonymous_6)
FNDA:0,(anonymous_7)
DA:1,2
DA:9,2
DA:16,0
DA:21,2
DA:22,0
DA:24,0
DA:26,0
DA:27,0
DA:30,0
DA:34,0
DA:38,0
DA:43,0
DA:48,0
LF:13
LH:3
BRDA:30,0,0,0
BRDA:30,0,1,0
BRF:2
BRH:0
end_of_record
TN:
SF:projects/ngx-editor-js2/src/lib/directives/toolbar-fab.directive.ts
FN:30,(anonymous_0)
FN:40,(anonymous_1)
FN:41,(anonymous_2)
FNF:3
FNH:0
FNDA:0,(anonymous_0)
FNDA:0,(anonymous_1)
FNDA:0,(anonymous_2)
DA:1,2
DA:10,2
DA:20,2
DA:21,0
DA:22,0
DA:24,0
DA:25,0
DA:26,0
DA:27,0
DA:28,0
DA:31,0
DA:41,0
DA:42,0
LF:13
LH:3
BRDA:33,0,0,0
BRDA:33,0,1,0
BRDA:42,1,0,0
BRDA:42,1,1,0
BRF:4
BRH:0
end_of_record
TN:
SF:projects/ngx-editor-js2/src/lib/services/block-movement.service.ts
FN:14,(anonymous_0)
FN:18,(anonymous_1)
FN:22,(anonymous_2)
FN:26,(anonymous_3)
FN:28,(anonymous_4)
FN:37,(anonymous_5)
FN:43,(anonymous_6)
FN:45,(anonymous_7)
FN:49,(anonymous_8)
FN:50,(anonymous_9)
FN:54,(anonymous_10)
FN:57,(anonymous_11)
FN:65,(anonymous_12)
FN:66,(anonymous_13)
FN:75,(anonymous_14)
FN:81,(anonymous_15)
FN:82,(anonymous_16)
FN:84,(anonymous_17)
FN:88,(anonymous_18)
FN:91,(anonymous_19)
FNF:20
FNH:0
FNDA:0,(anonymous_0)
FNDA:0,(anonymous_1)
FNDA:0,(anonymous_2)
FNDA:0,(anonymous_3)
FNDA:0,(anonymous_4)
FNDA:0,(anonymous_5)
FNDA:0,(anonymous_6)
FNDA:0,(anonymous_7)
FNDA:0,(anonymous_8)
FNDA:0,(anonymous_9)
FNDA:0,(anonymous_10)
FNDA:0,(anonymous_11)
FNDA:0,(anonymous_12)
FNDA:0,(anonymous_13)
FNDA:0,(anonymous_14)
FNDA:0,(anonymous_15)
FNDA:0,(anonymous_16)
FNDA:0,(anonymous_17)
FNDA:0,(anonymous_18)
FNDA:0,(anonymous_19)
DA:1,2
DA:2,2
DA:3,2
DA:11,2
DA:12,0
DA:15,0
DA:19,0
DA:23,0
DA:27,0
DA:29,0
DA:42,0
DA:44,0
DA:46,0
DA:49,0
DA:50,0
DA:55,0
DA:57,0
DA:65,0
DA:67,0
DA:68,0
DA:69,0
DA:80,0
DA:81,0
DA:83,0
DA:85,0
DA:89,0
DA:91,0
LF:27
LH:4
BRDA:55,0,0,0
BRDA:55,0,1,0
BRDA:78,1,0,0
BRDA:81,2,0,0
BRDA:81,2,1,0
BRDA:89,3,0,0
BRDA:89,3,1,0
BRDA:91,4,0,0
BRDA:91,4,1,0
BRF:9
BRH:0
end_of_record
TN:
SF:projects/ngx-editor-js2/src/lib/services/editor-js.service.ts
FN:25,(anonymous_0)
FN:39,(anonymous_1)
FN:43,(anonymous_2)
FN:44,(anonymous_3)
FN:47,(anonymous_4)
FN:48,(anonymous_5)
FN:56,(anonymous_6)
FN:56,(anonymous_7)
FN:59,(anonymous_8)
FN:63,(anonymous_9)
FN:67,(anonymous_10)
FN:83,(anonymous_11)
FN:91,(anonymous_12)
FN:96,(anonymous_13)
FN:100,(anonymous_14)
FN:108,(anonymous_15)
FN:125,(anonymous_16)
FN:131,(anonymous_17)
FN:139,(anonymous_18)
FN:145,(anonymous_19)
FN:147,(anonymous_20)
FN:148,(anonymous_21)
FN:151,(anonymous_22)
FN:158,(anonymous_23)
FN:169,(anonymous_24)
FN:171,(anonymous_25)
FN:172,(anonymous_26)
FN:174,(anonymous_27)
FN:177,(anonymous_28)
FN:179,(anonymous_29)
FN:188,(anonymous_30)
FN:191,(anonymous_31)
FNF:32
FNH:0
FNDA:0,(anonymous_0)
FNDA:0,(anonymous_1)
FNDA:0,(anonymous_2)
FNDA:0,(anonymous_3)
FNDA:0,(anonymous_4)
FNDA:0,(anonymous_5)
FNDA:0,(anonymous_6)
FNDA:0,(anonymous_7)
FNDA:0,(anonymous_8)
FNDA:0,(anonymous_9)
FNDA:0,(anonymous_10)
FNDA:0,(anonymous_11)
FNDA:0,(anonymous_12)
FNDA:0,(anonymous_13)
FNDA:0,(anonymous_14)
FNDA:0,(anonymous_15)
FNDA:0,(anonymous_16)
FNDA:0,(anonymous_17)
FNDA:0,(anonymous_18)
FNDA:0,(anonymous_19)
FNDA:0,(anonymous_20)
FNDA:0,(anonymous_21)
FNDA:0,(anonymous_22)
FNDA:0,(anonymous_23)
FNDA:0,(anonymous_24)
FNDA:0,(anonymous_25)
FNDA:0,(anonymous_26)
FNDA:0,(anonymous_27)
FNDA:0,(anonymous_28)
FNDA:0,(anonymous_29)
FNDA:0,(anonymous_30)
FNDA:0,(anonymous_31)
DA:1,2
DA:2,2
DA:3,2
DA:17,2
DA:23,2
DA:25,2
DA:29,2
DA:30,0
DA:31,0
DA:33,0
DA:36,0
DA:40,0
DA:44,0
DA:45,0
DA:48,0
DA:56,0
DA:60,0
DA:61,0
DA:63,0
DA:71,0
DA:84,0
DA:95,0
DA:96,0
DA:107,0
DA:109,0
DA:112,0
DA:113,0
DA:114,0
DA:115,0
DA:117,0
DA:119,0
DA:120,0
DA:130,0
DA:131,0
DA:140,0
DA:146,0
DA:147,0
DA:149,0
DA:152,0
DA:159,0
DA:170,0
DA:171,0
DA:173,0
DA:174,0
DA:178,0
DA:180,0
DA:189,0
DA:192,0
DA:193,0
LF:49
LH:7
BRDA:117,0,0,0
BRDA:117,0,1,0
BRDA:158,1,0,0
BRF:3
BRH:0
end_of_record
TN:
SF:projects/ngx-editor-js2/src/lib/services/ngx-editor-js2.service.ts
FN:55,(anonymous_0)
FN:61,(anonymous_1)
FN:62,(anonymous_2)
FN:63,(anonymous_3)
FN:64,(anonymous_4)
FN:65,(anonymous_5)
FN:66,(anonymous_6)
FN:69,(anonymous_7)
FN:72,(anonymous_8)
FN:73,(anonymous_9)
FN:77,(anonymous_10)
FN:81,(anonymous_11)
FN:85,(anonymous_12)
FN:97,(anonymous_13)
FN:99,(anonymous_14)
FN:103,(anonymous_15)
FN:104,(anonymous_16)
FN:107,(anonymous_17)
FN:111,(anonymous_18)
FN:118,(anonymous_19)
FN:123,(anonymous_20)
FN:127,(anonymous_21)
FN:135,(anonymous_22)
FN:137,(anonymous_23)
FNF:24
FNH:0
FNDA:0,(anonymous_0)
FNDA:0,(anonymous_1)
FNDA:0,(anonymous_2)
FNDA:0,(anonymous_3)
FNDA:0,(anonymous_4)
FNDA:0,(anonymous_5)
FNDA:0,(anonymous_6)
FNDA:0,(anonymous_7)
FNDA:0,(anonymous_8)
FNDA:0,(anonymous_9)
FNDA:0,(anonymous_10)
FNDA:0,(anonymous_11)
FNDA:0,(anonymous_12)
FNDA:0,(anonymous_13)
FNDA:0,(anonymous_14)
FNDA:0,(anonymous_15)
FNDA:0,(anonymous_16)
FNDA:0,(anonymous_17)
FNDA:0,(anonymous_18)
FNDA:0,(anonymous_19)
FNDA:0,(anonymous_20)
FNDA:0,(anonymous_21)
FNDA:0,(anonymous_22)
FNDA:0,(anonymous_23)
DA:1,2
DA:2,2
DA:3,2
DA:4,2
DA:15,2
DA:24,2
DA:31,2
DA:32,0
DA:34,0
DA:39,0
DA:52,0
DA:55,0
DA:57,0
DA:59,0
DA:61,0
DA:62,0
DA:63,0
DA:64,0
DA:65,0
DA:67,0
DA:70,0
DA:73,0
DA:78,0
DA:82,0
DA:86,0
DA:98,0
DA:99,0
DA:104,0
DA:108,0
DA:115,0
DA:118,0
DA:127,0
DA:136,0
DA:138,0
LF:34
LH:7
BRDA:35,0,0,0
BRDA:35,0,1,0
BRDA:82,1,0,0
BRDA:82,1,1,0
BRDA:130,2,0,0
BRDA:130,2,1,0
BRF:6
BRH:0
end_of_record
TN:
SF:projects/ngx-editor-js2/src/lib/services/tool-fab.service.ts
FN:41,(anonymous_0)
FN:43,(anonymous_1)
FN:49,(anonymous_2)
FN:73,(anonymous_3)
FN:77,(anonymous_4)
FN:81,(anonymous_5)
FNF:6
FNH:0
FNDA:0,(anonymous_0)
FNDA:0,(anonymous_1)
FNDA:0,(anonymous_2)
FNDA:0,(anonymous_3)
FNDA:0,(anonymous_4)
FNDA:0,(anonymous_5)
DA:1,2
DA:2,2
DA:12,2
DA:13,2
DA:14,2
DA:32,2
DA:33,0
DA:34,0
DA:36,0
DA:37,0
DA:41,0
DA:44,0
DA:56,0
DA:58,0
DA:59,0
DA:60,0
DA:61,0
DA:62,0
DA:63,0
DA:64,0
DA:65,0
DA:69,0
DA:74,0
DA:77,0
DA:86,0
LF:25
LH:6
BRDA:44,0,0,0
BRDA:44,0,1,0
BRDA:44,1,0,0
BRDA:44,1,1,0
BRF:4
BRH:0
end_of_record
